e:\code\duilib-fork\duilib\menudemo\debug\menudemo.bsc
e:\code\duilib-fork\duilib\menudemo\debug_u\vc120.pdb
e:\code\duilib-fork\duilib\menudemo\debug_u\vc120.idb
e:\code\duilib-fork\duilib\menudemo\unicodedebug\main.sbr
e:\code\duilib-fork\duilib\menudemo\unicodedebug\uimenu.sbr
e:\code\duilib-fork\duilib\menudemo\unicodedebug\uicrack.sbr
e:\code\duilib-fork\duilib\menudemo\unicodedebug\stdafx.sbr
e:\code\duilib-fork\duilib\menudemo\unicodedebug\skinsetting.sbr
e:\code\duilib-fork\duilib\menudemo\unicodedebug\main_frame.sbr
e:\code\duilib-fork\duilib\menudemo\unicodedebug\debug.sbr
e:\code\duilib-fork\duilib\menudemo\debug_u\debug.obj
e:\code\duilib-fork\duilib\menudemo\debug_u\main_frame.obj
e:\code\duilib-fork\duilib\menudemo\debug_u\skinsetting.obj
e:\code\duilib-fork\duilib\menudemo\debug_u\stdafx.obj
e:\code\duilib-fork\duilib\menudemo\debug_u\uicrack.obj
e:\code\duilib-fork\duilib\menudemo\debug_u\uimenu.obj
e:\code\duilib-fork\duilib\menudemo\debug_u\main.obj
e:\code\duilib-fork\duilib\bin\menudemo_ud.exe
e:\code\duilib-fork\duilib\menudemo\debug_u\menudemo.map
e:\code\duilib-fork\duilib\menudemo\debug_u\menudemo.pdb
e:\code\duilib-fork\duilib\bin\menudemo.lib
e:\code\duilib-fork\duilib\bin\menudemo.exp
e:\code\duilib-fork\duilib\bin\menudemo_ud.lib
e:\code\duilib-fork\duilib\bin\menudemo_ud.exp
e:\code\duilib-fork\duilib\menudemo\unicodedebug\menudemo.res
e:\code\duilib-fork\duilib\menudemo\unicodedebug\menudemo.tlog\bscmake.command.1.tlog
e:\code\duilib-fork\duilib\menudemo\unicodedebug\menudemo.tlog\bscmake.read.1.tlog
e:\code\duilib-fork\duilib\menudemo\unicodedebug\menudemo.tlog\bscmake.write.1.tlog
e:\code\duilib-fork\duilib\menudemo\unicodedebug\menudemo.tlog\cl.command.1.tlog
e:\code\duilib-fork\duilib\menudemo\unicodedebug\menudemo.tlog\cl.read.1.tlog
e:\code\duilib-fork\duilib\menudemo\unicodedebug\menudemo.tlog\cl.write.1.tlog
e:\code\duilib-fork\duilib\menudemo\unicodedebug\menudemo.tlog\link.command.1.tlog
e:\code\duilib-fork\duilib\menudemo\unicodedebug\menudemo.tlog\link.read.1.tlog
e:\code\duilib-fork\duilib\menudemo\unicodedebug\menudemo.tlog\link.write.1.tlog
e:\code\duilib-fork\duilib\menudemo\unicodedebug\menudemo.tlog\menudemo.write.1u.tlog
e:\code\duilib-fork\duilib\menudemo\unicodedebug\menudemo.tlog\rc.command.1.tlog
e:\code\duilib-fork\duilib\menudemo\unicodedebug\menudemo.tlog\rc.read.1.tlog
e:\code\duilib-fork\duilib\menudemo\unicodedebug\menudemo.tlog\rc.write.1.tlog
